<?xml version="1.0" encoding="UTF-8"?>
<!-- Generated by org.testng.reporters.JUnitXMLReporter -->
<testsuite ignored="4" hostname="PW07E88H" failures="0" tests="3" name="Surefire test" time="9.158" errors="0" timestamp="21 Mar 2024 10:51:38 GMT">
  <testcase classname="AddNewPetTest" name="checkPositiveFullPet" time="3.419"/>
  <testcase classname="AddNewPetTest" name="checkPositivePostSimpleTest" time="1.722"/>
  <testcase classname="CheckExistingPetTest" name="checkExistingSimpleTest" time="3.945"/>
  <testcase classname="BaseTest" name="@AfterSuite TearDownSuite" time="0.0">
    <ignored/>
  </testcase> <!-- @AfterSuite TearDownSuite -->
  <testcase classname="BaseTest" name="@AfterSuite TearDownSuite" time="0.0">
    <ignored/>
  </testcase> <!-- @AfterSuite TearDownSuite -->
  <testcase classname="BaseTest" name="@BeforeSuite SetUpSuite" time="0.0">
    <ignored/>
  </testcase> <!-- @BeforeSuite SetUpSuite -->
  <testcase classname="BaseTest" name="@BeforeSuite SetUpSuite" time="0.0">
    <ignored/>
  </testcase> <!-- @BeforeSuite SetUpSuite -->
</testsuite> <!-- Surefire test -->
