<?xml version="1.0" encoding="UTF-8"?>
<testsuite xmlns:xsi="http://www.w3.org/2001/XMLSchema-instance" xsi:noNamespaceSchemaLocation="https://maven.apache.org/surefire/maven-surefire-plugin/xsd/surefire-test-report-3.0.xsd" version="3.0" name="TestSuite" time="10.384" tests="3" errors="0" skipped="0" failures="0">
  <properties>
[...]
</properties>
  <testcase name="checkPositiveFullPet" classname="AddNewPetTest" time="3.383">
    <system-out><![CDATA[Request method:	PUT
Request URI:	https://petstore.swagger.io/v2/pet/
Proxy:			<none>
Request params:	<none>
Query params:	<none>
Form params:	<none>
Path params:	<none>
Headers:		Accept=*/*
				Content-Type=application/json; charset=UTF-8
Cookies:		<none>
Multiparts:		<none>
Body:
{
    "id": "1584857825",
    "category": {
        "id": "153307074",
        "name": "influential_copper"
    },
    "name": "exact_bench",
    "photoUrls": [
        "qwerty",
        "asdfg"
    ],
    "tags": [
        {
            "id": "734235466",
            "name": "optimistic_failure"
        }
    ],
    "status": "available"
}
Request method:	PUT
Request URI:	https://petstore.swagger.io/v2/pet/
Proxy:			<none>
Request params:	<none>
Query params:	<none>
Form params:	<none>
Path params:	<none>
Headers:		Accept=*/*
				Content-Type=application/json; charset=UTF-8
Cookies:		<none>
Multiparts:		<none>
Body:
{
    "id": "1584857825",
    "category": {
        "id": "153307074",
        "name": "influential_copper"
    },
    "name": "exact_bench",
    "photoUrls": [
        "qwerty",
        "asdfg"
    ],
    "tags": [
        {
            "id": "734235466",
            "name": "optimistic_failure"
        }
    ],
    "status": "available"
}
]]></system-out>
    <system-err><![CDATA[SLF4J: Failed to load class "org.slf4j.impl.StaticLoggerBinder".
SLF4J: Defaulting to no-operation (NOP) logger implementation
SLF4J: See http://www.slf4j.org/codes.html#StaticLoggerBinder for further details.
]]></system-err>
  </testcase>
  <testcase name="checkPositivePostSimpleTest" classname="AddNewPetTest" time="1.722">
    <system-out><![CDATA[Request method:	PUT
Request URI:	https://petstore.swagger.io/v2/pet/
Proxy:			<none>
Request params:	<none>
Query params:	<none>
Form params:	<none>
Path params:	<none>
Headers:		Accept=*/*
				Content-Type=application/json; charset=UTF-8
Cookies:		<none>
Multiparts:		<none>
Body:
{
    "id": "869633545",
    "category": null,
    "name": "charismatic_vat",
    "photoUrls": null,
    "tags": null,
    "status": null
}
Request method:	PUT
Request URI:	https://petstore.swagger.io/v2/pet/
Proxy:			<none>
Request params:	<none>
Query params:	<none>
Form params:	<none>
Path params:	<none>
Headers:		Accept=*/*
				Content-Type=application/json; charset=UTF-8
Cookies:		<none>
Multiparts:		<none>
Body:
{
    "id": "869633545",
    "category": null,
    "name": "charismatic_vat",
    "photoUrls": null,
    "tags": null,
    "status": null
}
]]></system-out>
  </testcase>
  <testcase name="checkExistingSimpleTest" classname="CheckExistingPetTest" time="3.943">
    <system-out><![CDATA[Request method:	POST
Request URI:	https://petstore.swagger.io/v2/pet/
Proxy:			<none>
Request params:	<none>
Query params:	<none>
Form params:	<none>
Path params:	<none>
Headers:		Accept=*/*
				Content-Type=application/json; charset=UTF-8
Cookies:		<none>
Multiparts:		<none>
Body:
{
    "id": "869633545",
    "category": null,
    "name": "charismatic_vat",
    "photoUrls": null,
    "tags": null,
    "status": null
}
Request method:	POST
Request URI:	https://petstore.swagger.io/v2/pet/
Proxy:			<none>
Request params:	<none>
Query params:	<none>
Form params:	<none>
Path params:	<none>
Headers:		Accept=*/*
				Content-Type=application/json; charset=UTF-8
Cookies:		<none>
Multiparts:		<none>
Body:
{
    "id": "869633545",
    "category": null,
    "name": "charismatic_vat",
    "photoUrls": null,
    "tags": null,
    "status": null
}
Request method:	GET
Request URI:	https://petstore.swagger.io/v2/pet/869633545
Proxy:			<none>
Request params:	<none>
Query params:	<none>
Form params:	<none>
Path params:	<none>
Headers:		Accept=*/*
				Content-Type=application/json; charset=UTF-8
Cookies:		<none>
Multiparts:		<none>
Body:			<none>
Request method:	GET
Request URI:	https://petstore.swagger.io/v2/pet/869633545
Proxy:			<none>
Request params:	<none>
Query params:	<none>
Form params:	<none>
Path params:	<none>
Headers:		Accept=*/*
				Content-Type=application/json; charset=UTF-8
Cookies:		<none>
Multiparts:		<none>
Body:			<none>
]]></system-out>
  </testcase>
</testsuite>